Arguments: 
  C:\Program Files\nodejs\node.exe C:\Program Files\nodejs\node_modules\yarn\bin\yarn.js add babel-loader

PATH: 
  C:\WINDOWS\system32;C:\WINDOWS;C:\WINDOWS\System32\Wbem;C:\WINDOWS\System32\WindowsPowerShell\v1.0\;C:\WINDOWS\System32\OpenSSH\;C:\Program Files\Git\cmd;C:\Program Files\Bandizip\;%NVM_HOME%;%NVM_SYMLINK%;D:\迅雷下载\微信web开发者工具\dll;C:\Users\16097\AppData\Local\Programs\Python\Python311\Scripts\;C:\Users\16097\AppData\Local\Programs\Python\Python311\;C:\Users\16097\AppData\Local\Microsoft\WindowsApps;C:\Users\16097\AppData\Local\Programs\Microsoft VS Code\bin;C:\Users\16097\AppData\Roaming\nvm;C:\Program Files\nodejs;

Yarn version: 
  1.22.17

Node version: 
  16.13.0

Platform: 
  win32 x64

Trace: 
  Error: EPERM: operation not permitted, copyfile 'C:\Users\16097\AppData\Local\Yarn\Cache\v6\npm-path-is-inside-1.0.2-365417dede44430d1c11af61027facf074bdfc53-integrity\node_modules\path-is-inside\package.json' -> 'D:\demo\echo-cli\node_modules\path-is-inside\package.json'

npm manifest: 
  {
    "name": "echo-cli",
    "version": "1.0.0",
    "description": "",
    "main": "index.js",
    "scripts": {
      "start": "webpack serve --mode development --open",
      "build": "webpack --mode production",
      "test": "echo \"Error: no test specified\" && exit 1"
    },
    "keywords": [],
    "author": "",
    "license": "ISC",
    "dependencies": {
      "antd": "^5.4.4",
      "axios": "^1.3.6",
      "react": "^18.2.0",
      "react-dom": "^18.2.0",
      "typescript": "^5.0.4"
    },
    "devDependencies": {
      "@babel/preset-typescript": "^7.21.4",
      "clean-webpack-plugin": "^4.0.0",
      "html-webpack-plugin": "^5.5.1",
      "ts-loader": "^9.4.2",
      "webpack": "^5.80.0",
      "webpack-cli": "^5.0.1",
      "webpack-dev-server": "^4.11.1"
    }
  }

yarn manifest: 
  No manifest

Lockfile: 
  No lockfile
